C:\Users\burak_nxdx6vy\source\repos\MovieRating\MovieRating\Properties\launchSettings.json içindeki başlatma ayarları kullanılıyor...
info: Microsoft.EntityFrameworkCore.Database.Command[20101]
      Executed DbCommand (11ms) [Parameters=[], CommandType='Text', CommandTimeout='30']
      SELECT 1
info: Microsoft.EntityFrameworkCore.Database.Command[20101]
      Executed DbCommand (9ms) [Parameters=[], CommandType='Text', CommandTimeout='30']
      SELECT OBJECT_ID(N'[__EFMigrationsHistory]');
info: Microsoft.EntityFrameworkCore.Database.Command[20101]
      Executed DbCommand (2ms) [Parameters=[], CommandType='Text', CommandTimeout='30']
      SELECT 1
info: Microsoft.EntityFrameworkCore.Database.Command[20101]
      Executed DbCommand (1ms) [Parameters=[], CommandType='Text', CommandTimeout='30']
      SELECT OBJECT_ID(N'[__EFMigrationsHistory]');
info: Microsoft.EntityFrameworkCore.Database.Command[20101]
      Executed DbCommand (4ms) [Parameters=[], CommandType='Text', CommandTimeout='30']
      SELECT [MigrationId], [ProductVersion]
      FROM [__EFMigrationsHistory]
      ORDER BY [MigrationId];
info: Microsoft.EntityFrameworkCore.Migrations[20405]
      No migrations were applied. The database is already up to date.
--> Migration OK.
info: Microsoft.Hosting.Lifetime[14]
      Now listening on: http://localhost:5128
info: Microsoft.Hosting.Lifetime[0]
      Application started. Press Ctrl+C to shut down.
info: Microsoft.Hosting.Lifetime[0]
      Hosting environment: Development
info: Microsoft.Hosting.Lifetime[0]
      Content root path: C:\Users\burak_nxdx6vy\source\repos\MovieRating\MovieRating
info: System.Net.Http.HttpClient.TmdbClient.LogicalHandler[100]
      Start processing HTTP request GET https://api.themoviedb.org/3/movie/550/watch/providers
info: System.Net.Http.HttpClient.TmdbClient.LogicalHandler[100]
      Start processing HTTP request GET https://api.themoviedb.org/3/movie/550/watch/providers
info: System.Net.Http.HttpClient.TmdbClient.ClientHandler[100]
      Sending HTTP request GET https://api.themoviedb.org/3/movie/550/watch/providers
info: System.Net.Http.HttpClient.TmdbClient.ClientHandler[100]
      Sending HTTP request GET https://api.themoviedb.org/3/movie/550/watch/providers
info: System.Net.Http.HttpClient.TmdbClient.ClientHandler[101]
      Received HTTP response headers after 404.0824ms - 200
info: System.Net.Http.HttpClient.TmdbClient.LogicalHandler[101]
      End processing HTTP request after 413.1895ms - 200
info: System.Net.Http.HttpClient.TmdbClient.ClientHandler[101]
      Received HTTP response headers after 1502.0164ms - 200
info: System.Net.Http.HttpClient.TmdbClient.LogicalHandler[101]
      End processing HTTP request after 1505.4538ms - 200
